<?xml version="1.0" encoding="UTF-8"?>
<!-- Generated by org.testng.reporters.JUnitXMLReporter -->
<testsuite ignored="0" hostname="Welcome" failures="0" tests="4" name="Default test" time="0.11" errors="0" timestamp="2023-03-21T11:03:54 IST">
  <testcase classname="TestNGbasics.testannonation2" name="testC" time="0.015"/>
  <testcase classname="TestNGbasics.testannonation2" name="testD" time="0.004"/>
  <testcase classname="TestNGbasics.testannonation" name="testA" time="0.002"/>
  <testcase classname="TestNGbasics.testannonation" name="testB" time="0.007"/>
</testsuite> <!-- Default test -->
