<?xml version="1.0" encoding="UTF-8"?>
<!-- Generated by org.testng.reporters.JUnitXMLReporter -->
<testsuite ignored="0" hostname="Welcome" failures="0" tests="4" name="Test" time="0.109" errors="0" timestamp="2023-03-07T19:17:44 IST">
  <testcase classname="testNGBasics.testannonation" name="testA" time="0.018"/>
  <testcase classname="testNGBasics.testannonation" name="testB" time="0.002"/>
  <testcase classname="testNGBasics.testannonation2" name="testC" time="0.003"/>
  <testcase classname="testNGBasics.testannonation2" name="testD" time="0.002"/>
</testsuite> <!-- Test -->
