<?xml version="1.0" encoding="UTF-8"?>
<testng-results skipped="0" failed="0" ignored="0" total="2" passed="2">
  <reporter-output>
  </reporter-output>
  <suite name="Surefire suite" duration-ms="85" started-at="2023-03-08T02:25:34 IST" finished-at="2023-03-08T02:25:34 IST">
    <groups>
    </groups>
    <test name="Surefire test" duration-ms="85" started-at="2023-03-08T02:25:34 IST" finished-at="2023-03-08T02:25:34 IST">
      <class name="TestNGbasics.testannonation">
        <test-method status="PASS" signature="testA()[pri:-1, instance:TestNGbasics.testannonation@704a52ec]" name="testA" duration-ms="10" started-at="2023-03-08T02:25:34 IST" finished-at="2023-03-08T02:25:34 IST">
          <reporter-output>
          </reporter-output>
        </test-method> <!-- testA -->
        <test-method status="PASS" signature="testB()[pri:0, instance:TestNGbasics.testannonation@704a52ec]" name="testB" duration-ms="2" started-at="2023-03-08T02:25:34 IST" finished-at="2023-03-08T02:25:34 IST">
          <reporter-output>
          </reporter-output>
        </test-method> <!-- testB -->
      </class> <!-- TestNGbasics.testannonation -->
    </test> <!-- Surefire test -->
  </suite> <!-- Surefire suite -->
</testng-results>
