<?xml version="1.0" encoding="UTF-8"?>
<testng-results ignored="0" total="4" passed="4" failed="0" skipped="0">
  <reporter-output>
  </reporter-output>
  <suite started-at="2023-03-21T11:03:54 IST" name="Default suite" finished-at="2023-03-21T11:03:54 IST" duration-ms="110">
    <groups>
    </groups>
    <test started-at="2023-03-21T11:03:54 IST" name="Default test" finished-at="2023-03-21T11:03:54 IST" duration-ms="110">
      <class name="TestNGbasics.testannonation2">
        <test-method signature="testC()[pri:-2, instance:TestNGbasics.testannonation2@75437611]" started-at="2023-03-21T11:03:54 IST" name="testC" finished-at="2023-03-21T11:03:54 IST" duration-ms="15" status="PASS">
          <reporter-output>
          </reporter-output>
        </test-method> <!-- testC -->
        <test-method signature="testD()[pri:0, instance:TestNGbasics.testannonation2@75437611]" started-at="2023-03-21T11:03:54 IST" name="testD" finished-at="2023-03-21T11:03:54 IST" duration-ms="4" status="PASS">
          <reporter-output>
          </reporter-output>
        </test-method> <!-- testD -->
      </class> <!-- TestNGbasics.testannonation2 -->
      <class name="TestNGbasics.testannonation">
        <test-method signature="testA()[pri:-1, instance:TestNGbasics.testannonation@350aac89]" started-at="2023-03-21T11:03:54 IST" name="testA" finished-at="2023-03-21T11:03:54 IST" duration-ms="2" status="PASS">
          <reporter-output>
          </reporter-output>
        </test-method> <!-- testA -->
        <test-method signature="testB()[pri:0, instance:TestNGbasics.testannonation@350aac89]" started-at="2023-03-21T11:03:54 IST" name="testB" finished-at="2023-03-21T11:03:54 IST" duration-ms="7" status="PASS">
          <reporter-output>
          </reporter-output>
        </test-method> <!-- testB -->
      </class> <!-- TestNGbasics.testannonation -->
    </test> <!-- Default test -->
  </suite> <!-- Default suite -->
</testng-results>
